<?xml version="1.0" encoding="UTF-8"?>
<testsuite name="UMC.Spring.ApplicationTests" tests="1" skipped="0" failures="0" errors="0" timestamp="2025-04-28T12:07:13.502Z" hostname="DESKTOP-9EELTF6" time="0.344">
  <properties/>
  <testcase name="contextLoads()" classname="UMC.Spring.ApplicationTests" time="0.344"/>
  <system-out><![CDATA[21:07:10.204 [Test worker] INFO org.springframework.test.context.support.AnnotationConfigContextLoaderUtils -- Could not detect default configuration classes for test class [UMC.Spring.ApplicationTests]: ApplicationTests does not declare any static, non-private, non-final, nested classes annotated with @Configuration.
21:07:10.295 [Test worker] INFO org.springframework.boot.test.context.SpringBootTestContextBootstrapper -- Found @SpringBootConfiguration umc.spring.Application for test class UMC.Spring.ApplicationTests

  .   ____          _            __ _ _
 /\\ / ___'_ __ _ _(_)_ __  __ _ \ \ \ \
( ( )\___ | '_ | '_| | '_ \/ _` | \ \ \ \
 \\/  ___)| |_)| | | | | || (_| |  ) ) ) )
  '  |____| .__|_| |_|_| |_\__, | / / / /
 =========|_|==============|___/=/_/_/_/

 :: Spring Boot ::                (v3.4.4)

2025-04-28T21:07:10.605+09:00  INFO 24716 --- [Spring] [    Test worker] UMC.Spring.ApplicationTests              : Starting ApplicationTests using Java 17.0.15 with PID 24716 (started by 박은서 in C:\프로그래밍\Spring)
2025-04-28T21:07:10.606+09:00  INFO 24716 --- [Spring] [    Test worker] UMC.Spring.ApplicationTests              : No active profile set, falling back to 1 default profile: "default"
2025-04-28T21:07:11.067+09:00  INFO 24716 --- [Spring] [    Test worker] .s.d.r.c.RepositoryConfigurationDelegate : Bootstrapping Spring Data JPA repositories in DEFAULT mode.
2025-04-28T21:07:11.084+09:00  INFO 24716 --- [Spring] [    Test worker] .s.d.r.c.RepositoryConfigurationDelegate : Finished Spring Data repository scanning in 10 ms. Found 0 JPA repository interfaces.
2025-04-28T21:07:11.331+09:00  INFO 24716 --- [Spring] [    Test worker] o.hibernate.jpa.internal.util.LogHelper  : HHH000204: Processing PersistenceUnitInfo [name: default]
2025-04-28T21:07:11.387+09:00  INFO 24716 --- [Spring] [    Test worker] org.hibernate.Version                    : HHH000412: Hibernate ORM core version 6.6.11.Final
2025-04-28T21:07:11.417+09:00  INFO 24716 --- [Spring] [    Test worker] o.h.c.internal.RegionFactoryInitiator    : HHH000026: Second-level cache disabled
2025-04-28T21:07:11.667+09:00  INFO 24716 --- [Spring] [    Test worker] o.s.o.j.p.SpringPersistenceUnitInfo      : No LoadTimeWeaver setup: ignoring JPA class transformer
2025-04-28T21:07:11.695+09:00  INFO 24716 --- [Spring] [    Test worker] com.zaxxer.hikari.HikariDataSource       : HikariPool-1 - Starting...
2025-04-28T21:07:11.906+09:00  INFO 24716 --- [Spring] [    Test worker] com.zaxxer.hikari.pool.HikariPool        : HikariPool-1 - Added connection com.mysql.cj.jdbc.ConnectionImpl@69499c6f
2025-04-28T21:07:11.908+09:00  INFO 24716 --- [Spring] [    Test worker] com.zaxxer.hikari.HikariDataSource       : HikariPool-1 - Start completed.
2025-04-28T21:07:11.940+09:00  WARN 24716 --- [Spring] [    Test worker] org.hibernate.orm.deprecation            : HHH90000025: MySQL8Dialect does not need to be specified explicitly using 'hibernate.dialect' (remove the property setting and it will be selected by default)
2025-04-28T21:07:11.941+09:00  WARN 24716 --- [Spring] [    Test worker] org.hibernate.orm.deprecation            : HHH90000026: MySQL8Dialect has been deprecated; use org.hibernate.dialect.MySQLDialect instead
2025-04-28T21:07:11.956+09:00  INFO 24716 --- [Spring] [    Test worker] org.hibernate.orm.connections.pooling    : HHH10001005: Database info:
	Database JDBC URL [Connecting through datasource 'HikariDataSource (HikariPool-1)']
	Database driver: undefined/unknown
	Database version: 8.0
	Autocommit mode: undefined/unknown
	Isolation level: undefined/unknown
	Minimum pool size: undefined/unknown
	Maximum pool size: undefined/unknown
2025-04-28T21:07:12.710+09:00  INFO 24716 --- [Spring] [    Test worker] o.h.e.t.j.p.i.JtaPlatformInitiator       : HHH000489: No JTA platform available (set 'hibernate.transaction.jta.platform' to enable JTA platform integration)
Hibernate: 
    create table food (
        food_id integer not null auto_increment,
        food_name varchar(20) not null,
        primary key (food_id)
    ) engine=InnoDB
Hibernate: 
    create table mission (
        mission_id integer not null auto_increment,
        city varchar(40) not null,
        district varchar(50) not null,
        mission_des TEXT,
        mission_name varchar(50) not null,
        neighborhood varchar(50) not null,
        status ENUM('new','completed','progress') DEFAULT 'new',
        primary key (mission_id)
    ) engine=InnoDB
Hibernate: 
    create table review (
        review_id integer not null auto_increment,
        review_text TEXT,
        score integer not null,
        mission_id integer not null,
        user_id integer not null,
        primary key (review_id)
    ) engine=InnoDB
Hibernate: 
    create table user_food (
        user_foot_id integer not null auto_increment,
        food_id integer not null,
        user_id integer not null,
        primary key (user_foot_id)
    ) engine=InnoDB
Hibernate: 
    create table user_mission (
        user_mission_id integer not null auto_increment,
        status ENUM('new','completed','progress') DEFAULT 'new',
        mission_id integer not null,
        user_id integer not null,
        primary key (user_mission_id)
    ) engine=InnoDB
Hibernate: 
    create table userinfo (
        uid integer not null auto_increment,
        address varchar(100) not null,
        birth_day integer not null,
        birth_month integer not null,
        birth_year integer not null,
        gender enum ('남자','선택안함','여자') not null,
        udelete ENUM('Active','delete') DEFAULT 'Active',
        uname varchar(40) not null,
        upassword varchar(50) not null,
        primary key (uid)
    ) engine=InnoDB
Hibernate: 
    alter table food 
       drop index UKowcaxj73hkgavmpqaivj5o4yb
Hibernate: 
    alter table food 
       add constraint UKowcaxj73hkgavmpqaivj5o4yb unique (food_name)
Hibernate: 
    alter table review 
       add constraint FKr1cs2dxfmvty8eodaw0qlo2ah 
       foreign key (mission_id) 
       references mission (mission_id)
Hibernate: 
    alter table review 
       add constraint FKamsd01dhdcxmcoyfwhfrakb18 
       foreign key (user_id) 
       references userinfo (uid)
Hibernate: 
    alter table user_food 
       add constraint FK1g8eq16xsqum2d2ojkk3hx4x9 
       foreign key (food_id) 
       references food (food_id)
Hibernate: 
    alter table user_food 
       add constraint FKbvse25fp9hcocawy5rf281ins 
       foreign key (user_id) 
       references userinfo (uid)
Hibernate: 
    alter table user_mission 
       add constraint FKdlc6c9h0rifeykrviy3fgmygv 
       foreign key (mission_id) 
       references mission (mission_id)
Hibernate: 
    alter table user_mission 
       add constraint FK2bfag565ac8kwafjv0twqh7pq 
       foreign key (user_id) 
       references userinfo (uid)
2025-04-28T21:07:13.052+09:00  INFO 24716 --- [Spring] [    Test worker] j.LocalContainerEntityManagerFactoryBean : Initialized JPA EntityManagerFactory for persistence unit 'default'
2025-04-28T21:07:13.163+09:00  WARN 24716 --- [Spring] [    Test worker] JpaBaseConfiguration$JpaWebConfiguration : spring.jpa.open-in-view is enabled by default. Therefore, database queries may be performed during view rendering. Explicitly configure spring.jpa.open-in-view to disable this warning
2025-04-28T21:07:13.487+09:00  INFO 24716 --- [Spring] [    Test worker] UMC.Spring.ApplicationTests              : Started ApplicationTests in 3.064 seconds (process running for 3.96)
]]></system-out>
  <system-err><![CDATA[]]></system-err>
</testsuite>
