<?xml version="1.0" encoding="UTF-8"?>
<testsuite name="UMC.Spring.ApplicationTests" tests="1" skipped="0" failures="0" errors="0" timestamp="2025-05-09T11:38:38.329Z" hostname="DESKTOP-9EELTF6" time="0.361">
  <properties/>
  <testcase name="contextLoads()" classname="UMC.Spring.ApplicationTests" time="0.361"/>
  <system-out><![CDATA[20:38:34.924 [Test worker] INFO org.springframework.test.context.support.AnnotationConfigContextLoaderUtils -- Could not detect default configuration classes for test class [UMC.Spring.ApplicationTests]: ApplicationTests does not declare any static, non-private, non-final, nested classes annotated with @Configuration.
20:38:35.012 [Test worker] INFO org.springframework.boot.test.context.SpringBootTestContextBootstrapper -- Found @SpringBootConfiguration umc.spring.Application for test class UMC.Spring.ApplicationTests

  .   ____          _            __ _ _
 /\\ / ___'_ __ _ _(_)_ __  __ _ \ \ \ \
( ( )\___ | '_ | '_| | '_ \/ _` | \ \ \ \
 \\/  ___)| |_)| | | | | || (_| |  ) ) ) )
  '  |____| .__|_| |_|_| |_\__, | / / / /
 =========|_|==============|___/=/_/_/_/

 :: Spring Boot ::                (v3.4.4)

2025-05-09T20:38:35.331+09:00  INFO 16404 --- [Spring] [    Test worker] UMC.Spring.ApplicationTests              : Starting ApplicationTests using Java 17.0.15 with PID 16404 (started by 박은서 in C:\프로그래밍\Spring)
2025-05-09T20:38:35.332+09:00  INFO 16404 --- [Spring] [    Test worker] UMC.Spring.ApplicationTests              : No active profile set, falling back to 1 default profile: "default"
2025-05-09T20:38:35.805+09:00  INFO 16404 --- [Spring] [    Test worker] .s.d.r.c.RepositoryConfigurationDelegate : Bootstrapping Spring Data JPA repositories in DEFAULT mode.
2025-05-09T20:38:35.866+09:00  INFO 16404 --- [Spring] [    Test worker] .s.d.r.c.RepositoryConfigurationDelegate : Finished Spring Data repository scanning in 52 ms. Found 3 JPA repository interfaces.
2025-05-09T20:38:36.186+09:00  INFO 16404 --- [Spring] [    Test worker] o.hibernate.jpa.internal.util.LogHelper  : HHH000204: Processing PersistenceUnitInfo [name: default]
2025-05-09T20:38:36.242+09:00  INFO 16404 --- [Spring] [    Test worker] org.hibernate.Version                    : HHH000412: Hibernate ORM core version 6.6.11.Final
2025-05-09T20:38:36.272+09:00  INFO 16404 --- [Spring] [    Test worker] o.h.c.internal.RegionFactoryInitiator    : HHH000026: Second-level cache disabled
2025-05-09T20:38:36.527+09:00  INFO 16404 --- [Spring] [    Test worker] o.s.o.j.p.SpringPersistenceUnitInfo      : No LoadTimeWeaver setup: ignoring JPA class transformer
2025-05-09T20:38:36.557+09:00  INFO 16404 --- [Spring] [    Test worker] com.zaxxer.hikari.HikariDataSource       : HikariPool-1 - Starting...
2025-05-09T20:38:36.778+09:00  INFO 16404 --- [Spring] [    Test worker] com.zaxxer.hikari.pool.HikariPool        : HikariPool-1 - Added connection com.mysql.cj.jdbc.ConnectionImpl@5e7cd0df
2025-05-09T20:38:36.780+09:00  INFO 16404 --- [Spring] [    Test worker] com.zaxxer.hikari.HikariDataSource       : HikariPool-1 - Start completed.
2025-05-09T20:38:36.820+09:00  WARN 16404 --- [Spring] [    Test worker] org.hibernate.orm.deprecation            : HHH90000025: MySQL8Dialect does not need to be specified explicitly using 'hibernate.dialect' (remove the property setting and it will be selected by default)
2025-05-09T20:38:36.821+09:00  WARN 16404 --- [Spring] [    Test worker] org.hibernate.orm.deprecation            : HHH90000026: MySQL8Dialect has been deprecated; use org.hibernate.dialect.MySQLDialect instead
2025-05-09T20:38:36.836+09:00  INFO 16404 --- [Spring] [    Test worker] org.hibernate.orm.connections.pooling    : HHH10001005: Database info:
	Database JDBC URL [Connecting through datasource 'HikariDataSource (HikariPool-1)']
	Database driver: undefined/unknown
	Database version: 8.0
	Autocommit mode: undefined/unknown
	Isolation level: undefined/unknown
	Minimum pool size: undefined/unknown
	Maximum pool size: undefined/unknown
2025-05-09T20:38:37.600+09:00  INFO 16404 --- [Spring] [    Test worker] o.h.e.t.j.p.i.JtaPlatformInitiator       : HHH000489: No JTA platform available (set 'hibernate.transaction.jta.platform' to enable JTA platform integration)
2025-05-09T20:38:37.681+09:00  INFO 16404 --- [Spring] [    Test worker] j.LocalContainerEntityManagerFactoryBean : Initialized JPA EntityManagerFactory for persistence unit 'default'
2025-05-09T20:38:38.030+09:00  WARN 16404 --- [Spring] [    Test worker] JpaBaseConfiguration$JpaWebConfiguration : spring.jpa.open-in-view is enabled by default. Therefore, database queries may be performed during view rendering. Explicitly configure spring.jpa.open-in-view to disable this warning
2025-05-09T20:38:38.314+09:00  INFO 16404 --- [Spring] [    Test worker] UMC.Spring.ApplicationTests              : Started ApplicationTests in 3.177 seconds (process running for 4.043)
]]></system-out>
  <system-err><![CDATA[]]></system-err>
</testsuite>
